#
# There is insufficient memory for the Java Runtime Environment to continue.
# Native memory allocation (malloc) failed to allocate 1082256 bytes for Chunk::new
# Possible reasons:
#   The system is out of physical RAM or swap space
#   The process is running with CompressedOops enabled, and the Java Heap may be blocking the growth of the native heap
# Possible solutions:
#   Reduce memory load on the system
#   Increase physical memory or swap space
#   Check if swap backing store is full
#   Decrease Java heap size (-Xmx/-Xms)
#   Decrease number of Java threads
#   Decrease Java thread stack sizes (-Xss)
#   Set larger code cache with -XX:ReservedCodeCacheSize=
#   JVM is running with Unscaled Compressed Oops mode in which the Java heap is
#     placed in the first 4GB address space. The Java Heap base address is the
#     maximum limit for the native heap growth. Please use -XX:HeapBaseMinAddress
#     to set the Java Heap base and to place the Java Heap above 4GB virtual address.
# This output file may be truncated or incomplete.
#
#  Out of Memory Error (arena.cpp:168), pid=26604, tid=19804
#
# JRE version: Java(TM) SE Runtime Environment (21.0.2+13) (build 21.0.2+13-LTS-58)
# Java VM: Java HotSpot(TM) 64-Bit Server VM (21.0.2+13-LTS-58, mixed mode, sharing, tiered, compressed oops, compressed class ptrs, g1 gc, windows-amd64)
# No core dump will be written. Minidumps are not enabled by default on client versions of Windows
#

---------------  S U M M A R Y ------------

Command Line: -XX:+ShowCodeDetailsInExceptionMessages com.ecommerce.desktop.DesktopApplication

Host: AMD Ryzen 5 3500U with Radeon Vega Mobile Gfx  , 8 cores, 5G,  Windows 11 , 64 bit Build 22621 (10.0.22621.3672)
Time: Tue Jun 25 23:02:18 2024 SE Asia Standard Time elapsed time: 3.853114 seconds (0d 0h 0m 3s)

---------------  T H R E A D  ---------------

Current thread (0x000002d865e4bd00):  JavaThread "C2 CompilerThread1" daemon [_thread_in_native, id=19804, stack(0x000000dfb9800000,0x000000dfb9900000) (1024K)]


Current CompileTask:
C2:   3853 2681   !   4       java.net.URL::<init> (543 bytes)

Stack: [0x000000dfb9800000,0x000000dfb9900000]
Native frames: (J=compiled Java code, j=interpreted, Vv=VM code, C=native code)
V  [jvm.dll+0x6cade9]
V  [jvm.dll+0x8569c1]
V  [jvm.dll+0x858d2e]
V  [jvm.dll+0x859413]
V  [jvm.dll+0x280e56]
V  [jvm.dll+0xc3f3d]
V  [jvm.dll+0xc4473]
V  [jvm.dll+0x3b5bf2]
V  [jvm.dll+0x382855]
V  [jvm.dll+0x381cca]
V  [jvm.dll+0x249bd0]
V  [jvm.dll+0x2491b1]
V  [jvm.dll+0x1c9634]
V  [jvm.dll+0x258859]
V  [jvm.dll+0x256e3a]
V  [jvm.dll+0x3ef6c6]
V  [jvm.dll+0x7ff568]
V  [jvm.dll+0x6c953d]
C  [ucrtbase.dll+0x29333]
C  [KERNEL32.DLL+0x1257d]
C  [ntdll.dll+0x5af28]


---------------  P R O C E S S  ---------------

Threads class SMR info:
_java_thread_list=0x000002d8665529f0, length=12, elements={
0x000002d842b4c890, 0x000002d860c50790, 0x000002d860c51860, 0x000002d860c57fc0,
0x000002d860c58a20, 0x000002d860c59f80, 0x000002d860c5d4b0, 0x000002d860c60e60,
0x000002d860c81910, 0x000002d86511c150, 0x000002d865129e70, 0x000002d865e4bd00
}

Java Threads: ( => current thread )
  0x000002d842b4c890 JavaThread "main"                              [_thread_in_native, id=20756, stack(0x000000dfb8100000,0x000000dfb8200000) (1024K)]
  0x000002d860c50790 JavaThread "Reference Handler"          daemon [_thread_blocked, id=7428, stack(0x000000dfb8900000,0x000000dfb8a00000) (1024K)]
  0x000002d860c51860 JavaThread "Finalizer"                  daemon [_thread_blocked, id=18680, stack(0x000000dfb8a00000,0x000000dfb8b00000) (1024K)]
  0x000002d860c57fc0 JavaThread "Signal Dispatcher"          daemon [_thread_blocked, id=2196, stack(0x000000dfb8b00000,0x000000dfb8c00000) (1024K)]
  0x000002d860c58a20 JavaThread "Attach Listener"            daemon [_thread_blocked, id=23220, stack(0x000000dfb8c00000,0x000000dfb8d00000) (1024K)]
  0x000002d860c59f80 JavaThread "Service Thread"             daemon [_thread_blocked, id=29592, stack(0x000000dfb8d00000,0x000000dfb8e00000) (1024K)]
  0x000002d860c5d4b0 JavaThread "Monitor Deflation Thread"   daemon [_thread_blocked, id=9292, stack(0x000000dfb8e00000,0x000000dfb8f00000) (1024K)]
  0x000002d860c60e60 JavaThread "C2 CompilerThread0"         daemon [_thread_in_native, id=28904, stack(0x000000dfb8f00000,0x000000dfb9000000) (1024K)]
  0x000002d860c81910 JavaThread "C1 CompilerThread0"         daemon [_thread_blocked, id=30976, stack(0x000000dfb9000000,0x000000dfb9100000) (1024K)]
  0x000002d86511c150 JavaThread "Notification Thread"        daemon [_thread_blocked, id=34536, stack(0x000000dfb9100000,0x000000dfb9200000) (1024K)]
  0x000002d865129e70 JavaThread "Common-Cleaner"             daemon [_thread_blocked, id=31096, stack(0x000000dfb9200000,0x000000dfb9300000) (1024K)]
=>0x000002d865e4bd00 JavaThread "C2 CompilerThread1"         daemon [_thread_in_native, id=19804, stack(0x000000dfb9800000,0x000000dfb9900000) (1024K)]
Total: 12

Other Threads:
  0x000002d860c31490 VMThread "VM Thread"                           [id=34856, stack(0x000000dfb8800000,0x000000dfb8900000) (1024K)]
  0x000002d860c1c250 WatcherThread "VM Periodic Task Thread"        [id=31072, stack(0x000000dfb8700000,0x000000dfb8800000) (1024K)]
  0x000002d844d5e470 WorkerThread "GC Thread#0"                     [id=35216, stack(0x000000dfb8200000,0x000000dfb8300000) (1024K)]
  0x000002d865d59580 WorkerThread "GC Thread#1"                     [id=35596, stack(0x000000dfb9300000,0x000000dfb9400000) (1024K)]
  0x000002d865d58aa0 WorkerThread "GC Thread#2"                     [id=18088, stack(0x000000dfb9400000,0x000000dfb9500000) (1024K)]
  0x000002d865d58e40 WorkerThread "GC Thread#3"                     [id=5076, stack(0x000000dfb9500000,0x000000dfb9600000) (1024K)]
  0x000002d865d59cc0 WorkerThread "GC Thread#4"                     [id=33844, stack(0x000000dfb9600000,0x000000dfb9700000) (1024K)]
  0x000002d865d58700 WorkerThread "GC Thread#5"                     [id=7328, stack(0x000000dfb9700000,0x000000dfb9800000) (1024K)]
  0x000002d865d591e0 WorkerThread "GC Thread#6"                     [id=30964, stack(0x000000dfb9a00000,0x000000dfb9b00000) (1024K)]
  0x000002d865d58360 WorkerThread "GC Thread#7"                     [id=22108, stack(0x000000dfb9b00000,0x000000dfb9c00000) (1024K)]
  0x000002d844d6b9a0 ConcurrentGCThread "G1 Main Marker"            [id=24280, stack(0x000000dfb8300000,0x000000dfb8400000) (1024K)]
  0x000002d844d6c4a0 WorkerThread "G1 Conc#0"                       [id=23728, stack(0x000000dfb8400000,0x000000dfb8500000) (1024K)]
  0x000002d844dc6800 ConcurrentGCThread "G1 Refine#0"               [id=20664, stack(0x000000dfb8500000,0x000000dfb8600000) (1024K)]
  0x000002d860af24a0 ConcurrentGCThread "G1 Service"                [id=27476, stack(0x000000dfb8600000,0x000000dfb8700000) (1024K)]
Total: 14

Threads with active compile tasks:
C2 CompilerThread0     3882 2680       4       java.lang.invoke.MethodType::methodType (69 bytes)
C2 CompilerThread1     3882 2681   !   4       java.net.URL::<init> (543 bytes)
Total: 2

VM state: not at safepoint (normal execution)

VM Mutex/Monitor currently owned by a thread: None

Heap address: 0x00000000a1600000, size: 1514 MB, Compressed Oops mode: 32-bit

CDS archive(s) mapped at: [0x000002d800000000-0x000002d800c90000-0x000002d800c90000), size 13172736, SharedBaseAddress: 0x000002d800000000, ArchiveRelocationMode: 1.
Compressed class space mapped at: 0x000002d801000000-0x000002d841000000, reserved size: 1073741824
Narrow klass base: 0x000002d800000000, Narrow klass shift: 0, Narrow klass range: 0x100000000

GC Precious Log:
 CardTable entry size: 512
 Card Set container configuration: InlinePtr #cards 5 size 8 Array Of Cards #cards 12 size 40 Howl #buckets 4 coarsen threshold 1843 Howl Bitmap #cards 512 size 80 coarsen threshold 460 Card regions per heap region 1 cards per card region 2048
 CPUs: 8 total, 8 available
 Memory: 6055M
 Large Page Support: Disabled
 NUMA Support: Disabled
 Compressed Oops: Enabled (32-bit)
 Heap Region Size: 1M
 Heap Min Capacity: 8M
 Heap Initial Capacity: 96M
 Heap Max Capacity: 1514M
 Pre-touch: Disabled
 Parallel Workers: 8
 Concurrent Workers: 2
 Concurrent Refinement Workers: 8
 Periodic GC: Disabled

Heap:
 garbage-first heap   total 98304K, used 33524K [0x00000000a1600000, 0x0000000100000000)
  region size 1024K, 30 young (30720K), 3 survivors (3072K)
 Metaspace       used 18990K, committed 19328K, reserved 1114112K
  class space    used 2298K, committed 2432K, reserved 1048576K

Heap Regions: E=young(eden), S=young(survivor), O=old, HS=humongous(starts), HC=humongous(continues), CS=collection set, F=free, TAMS=top-at-mark-start, PB=parsable bottom
|   0|0x00000000a1600000, 0x00000000a1700000, 0x00000000a1700000|100%| O|  |TAMS 0x00000000a1600000| PB 0x00000000a1600000| Untracked 
|   1|0x00000000a1700000, 0x00000000a1800000, 0x00000000a1800000|100%| O|  |TAMS 0x00000000a1700000| PB 0x00000000a1700000| Untracked 
|   2|0x00000000a1800000, 0x00000000a1900000, 0x00000000a1900000|100%| O|  |TAMS 0x00000000a1800000| PB 0x00000000a1800000| Untracked 
|   3|0x00000000a1900000, 0x00000000a1a00000, 0x00000000a1a00000|100%| O|  |TAMS 0x00000000a1900000| PB 0x00000000a1900000| Untracked 
|   4|0x00000000a1a00000, 0x00000000a1b00000, 0x00000000a1b00000|100%| O|  |TAMS 0x00000000a1a00000| PB 0x00000000a1a00000| Untracked 
|   5|0x00000000a1b00000, 0x00000000a1b61548, 0x00000000a1c00000| 38%| O|  |TAMS 0x00000000a1b00000| PB 0x00000000a1b00000| Untracked 
|   6|0x00000000a1c00000, 0x00000000a1c00000, 0x00000000a1d00000|  0%| F|  |TAMS 0x00000000a1c00000| PB 0x00000000a1c00000| Untracked 
|   7|0x00000000a1d00000, 0x00000000a1d00000, 0x00000000a1e00000|  0%| F|  |TAMS 0x00000000a1d00000| PB 0x00000000a1d00000| Untracked 
|   8|0x00000000a1e00000, 0x00000000a1e00000, 0x00000000a1f00000|  0%| F|  |TAMS 0x00000000a1e00000| PB 0x00000000a1e00000| Untracked 
|   9|0x00000000a1f00000, 0x00000000a1f00000, 0x00000000a2000000|  0%| F|  |TAMS 0x00000000a1f00000| PB 0x00000000a1f00000| Untracked 
|  10|0x00000000a2000000, 0x00000000a2000000, 0x00000000a2100000|  0%| F|  |TAMS 0x00000000a2000000| PB 0x00000000a2000000| Untracked 
|  11|0x00000000a2100000, 0x00000000a2100000, 0x00000000a2200000|  0%| F|  |TAMS 0x00000000a2100000| PB 0x00000000a2100000| Untracked 
|  12|0x00000000a2200000, 0x00000000a2200000, 0x00000000a2300000|  0%| F|  |TAMS 0x00000000a2200000| PB 0x00000000a2200000| Untracked 
|  13|0x00000000a2300000, 0x00000000a2300000, 0x00000000a2400000|  0%| F|  |TAMS 0x00000000a2300000| PB 0x00000000a2300000| Untracked 
|  14|0x00000000a2400000, 0x00000000a2400000, 0x00000000a2500000|  0%| F|  |TAMS 0x00000000a2400000| PB 0x00000000a2400000| Untracked 
|  15|0x00000000a2500000, 0x00000000a2500000, 0x00000000a2600000|  0%| F|  |TAMS 0x00000000a2500000| PB 0x00000000a2500000| Untracked 
|  16|0x00000000a2600000, 0x00000000a2600000, 0x00000000a2700000|  0%| F|  |TAMS 0x00000000a2600000| PB 0x00000000a2600000| Untracked 
|  17|0x00000000a2700000, 0x00000000a2700000, 0x00000000a2800000|  0%| F|  |TAMS 0x00000000a2700000| PB 0x00000000a2700000| Untracked 
|  18|0x00000000a2800000, 0x00000000a2800000, 0x00000000a2900000|  0%| F|  |TAMS 0x00000000a2800000| PB 0x00000000a2800000| Untracked 
|  19|0x00000000a2900000, 0x00000000a2900000, 0x00000000a2a00000|  0%| F|  |TAMS 0x00000000a2900000| PB 0x00000000a2900000| Untracked 
|  20|0x00000000a2a00000, 0x00000000a2a00000, 0x00000000a2b00000|  0%| F|  |TAMS 0x00000000a2a00000| PB 0x00000000a2a00000| Untracked 
|  21|0x00000000a2b00000, 0x00000000a2b00000, 0x00000000a2c00000|  0%| F|  |TAMS 0x00000000a2b00000| PB 0x00000000a2b00000| Untracked 
|  22|0x00000000a2c00000, 0x00000000a2c00000, 0x00000000a2d00000|  0%| F|  |TAMS 0x00000000a2c00000| PB 0x00000000a2c00000| Untracked 
|  23|0x00000000a2d00000, 0x00000000a2d00000, 0x00000000a2e00000|  0%| F|  |TAMS 0x00000000a2d00000| PB 0x00000000a2d00000| Untracked 
|  24|0x00000000a2e00000, 0x00000000a2e00000, 0x00000000a2f00000|  0%| F|  |TAMS 0x00000000a2e00000| PB 0x00000000a2e00000| Untracked 
|  25|0x00000000a2f00000, 0x00000000a2f00000, 0x00000000a3000000|  0%| F|  |TAMS 0x00000000a2f00000| PB 0x00000000a2f00000| Untracked 
|  26|0x00000000a3000000, 0x00000000a3000000, 0x00000000a3100000|  0%| F|  |TAMS 0x00000000a3000000| PB 0x00000000a3000000| Untracked 
|  27|0x00000000a3100000, 0x00000000a3100000, 0x00000000a3200000|  0%| F|  |TAMS 0x00000000a3100000| PB 0x00000000a3100000| Untracked 
|  28|0x00000000a3200000, 0x00000000a3200000, 0x00000000a3300000|  0%| F|  |TAMS 0x00000000a3200000| PB 0x00000000a3200000| Untracked 
|  29|0x00000000a3300000, 0x00000000a3300000, 0x00000000a3400000|  0%| F|  |TAMS 0x00000000a3300000| PB 0x00000000a3300000| Untracked 
|  30|0x00000000a3400000, 0x00000000a3400000, 0x00000000a3500000|  0%| F|  |TAMS 0x00000000a3400000| PB 0x00000000a3400000| Untracked 
|  31|0x00000000a3500000, 0x00000000a3500000, 0x00000000a3600000|  0%| F|  |TAMS 0x00000000a3500000| PB 0x00000000a3500000| Untracked 
|  32|0x00000000a3600000, 0x00000000a3600000, 0x00000000a3700000|  0%| F|  |TAMS 0x00000000a3600000| PB 0x00000000a3600000| Untracked 
|  33|0x00000000a3700000, 0x00000000a3700000, 0x00000000a3800000|  0%| F|  |TAMS 0x00000000a3700000| PB 0x00000000a3700000| Untracked 
|  34|0x00000000a3800000, 0x00000000a3800000, 0x00000000a3900000|  0%| F|  |TAMS 0x00000000a3800000| PB 0x00000000a3800000| Untracked 
|  35|0x00000000a3900000, 0x00000000a3900000, 0x00000000a3a00000|  0%| F|  |TAMS 0x00000000a3900000| PB 0x00000000a3900000| Untracked 
|  36|0x00000000a3a00000, 0x00000000a3a00000, 0x00000000a3b00000|  0%| F|  |TAMS 0x00000000a3a00000| PB 0x00000000a3a00000| Untracked 
|  37|0x00000000a3b00000, 0x00000000a3b00000, 0x00000000a3c00000|  0%| F|  |TAMS 0x00000000a3b00000| PB 0x00000000a3b00000| Untracked 
|  38|0x00000000a3c00000, 0x00000000a3c00000, 0x00000000a3d00000|  0%| F|  |TAMS 0x00000000a3c00000| PB 0x00000000a3c00000| Untracked 
|  39|0x00000000a3d00000, 0x00000000a3d00000, 0x00000000a3e00000|  0%| F|  |TAMS 0x00000000a3d00000| PB 0x00000000a3d00000| Untracked 
|  40|0x00000000a3e00000, 0x00000000a3e00000, 0x00000000a3f00000|  0%| F|  |TAMS 0x00000000a3e00000| PB 0x00000000a3e00000| Untracked 
|  41|0x00000000a3f00000, 0x00000000a3f00000, 0x00000000a4000000|  0%| F|  |TAMS 0x00000000a3f00000| PB 0x00000000a3f00000| Untracked 
|  42|0x00000000a4000000, 0x00000000a4000000, 0x00000000a4100000|  0%| F|  |TAMS 0x00000000a4000000| PB 0x00000000a4000000| Untracked 
|  43|0x00000000a4100000, 0x00000000a4100000, 0x00000000a4200000|  0%| F|  |TAMS 0x00000000a4100000| PB 0x00000000a4100000| Untracked 
|  44|0x00000000a4200000, 0x00000000a4200000, 0x00000000a4300000|  0%| F|  |TAMS 0x00000000a4200000| PB 0x00000000a4200000| Untracked 
|  45|0x00000000a4300000, 0x00000000a4300000, 0x00000000a4400000|  0%| F|  |TAMS 0x00000000a4300000| PB 0x00000000a4300000| Untracked 
|  46|0x00000000a4400000, 0x00000000a4400000, 0x00000000a4500000|  0%| F|  |TAMS 0x00000000a4400000| PB 0x00000000a4400000| Untracked 
|  47|0x00000000a4500000, 0x00000000a4500000, 0x00000000a4600000|  0%| F|  |TAMS 0x00000000a4500000| PB 0x00000000a4500000| Untracked 
|  48|0x00000000a4600000, 0x00000000a4600000, 0x00000000a4700000|  0%| F|  |TAMS 0x00000000a4600000| PB 0x00000000a4600000| Untracked 
|  49|0x00000000a4700000, 0x00000000a4700000, 0x00000000a4800000|  0%| F|  |TAMS 0x00000000a4700000| PB 0x00000000a4700000| Untracked 
|  50|0x00000000a4800000, 0x00000000a4800000, 0x00000000a4900000|  0%| F|  |TAMS 0x00000000a4800000| PB 0x00000000a4800000| Untracked 
|  51|0x00000000a4900000, 0x00000000a4900000, 0x00000000a4a00000|  0%| F|  |TAMS 0x00000000a4900000| PB 0x00000000a4900000| Untracked 
|  52|0x00000000a4a00000, 0x00000000a4a00000, 0x00000000a4b00000|  0%| F|  |TAMS 0x00000000a4a00000| PB 0x00000000a4a00000| Untracked 
|  53|0x00000000a4b00000, 0x00000000a4b00000, 0x00000000a4c00000|  0%| F|  |TAMS 0x00000000a4b00000| PB 0x00000000a4b00000| Untracked 
|  54|0x00000000a4c00000, 0x00000000a4c00000, 0x00000000a4d00000|  0%| F|  |TAMS 0x00000000a4c00000| PB 0x00000000a4c00000| Untracked 
|  55|0x00000000a4d00000, 0x00000000a4d00000, 0x00000000a4e00000|  0%| F|  |TAMS 0x00000000a4d00000| PB 0x00000000a4d00000| Untracked 
|  56|0x00000000a4e00000, 0x00000000a4e00000, 0x00000000a4f00000|  0%| F|  |TAMS 0x00000000a4e00000| PB 0x00000000a4e00000| Untracked 
|  57|0x00000000a4f00000, 0x00000000a4f00000, 0x00000000a5000000|  0%| F|  |TAMS 0x00000000a4f00000| PB 0x00000000a4f00000| Untracked 
|  58|0x00000000a5000000, 0x00000000a5000000, 0x00000000a5100000|  0%| F|  |TAMS 0x00000000a5000000| PB 0x00000000a5000000| Untracked 
|  59|0x00000000a5100000, 0x00000000a5100000, 0x00000000a5200000|  0%| F|  |TAMS 0x00000000a5100000| PB 0x00000000a5100000| Untracked 
|  60|0x00000000a5200000, 0x00000000a5200000, 0x00000000a5300000|  0%| F|  |TAMS 0x00000000a5200000| PB 0x00000000a5200000| Untracked 
|  61|0x00000000a5300000, 0x00000000a535bcc8, 0x00000000a5400000| 35%| S|CS|TAMS 0x00000000a5300000| PB 0x00000000a5300000| Complete 
|  62|0x00000000a5400000, 0x00000000a5500000, 0x00000000a5500000|100%| S|CS|TAMS 0x00000000a5400000| PB 0x00000000a5400000| Complete 
|  63|0x00000000a5500000, 0x00000000a5600000, 0x00000000a5600000|100%| S|CS|TAMS 0x00000000a5500000| PB 0x00000000a5500000| Complete 
|  64|0x00000000a5600000, 0x00000000a5600000, 0x00000000a5700000|  0%| F|  |TAMS 0x00000000a5600000| PB 0x00000000a5600000| Untracked 
|  65|0x00000000a5700000, 0x00000000a5700000, 0x00000000a5800000|  0%| F|  |TAMS 0x00000000a5700000| PB 0x00000000a5700000| Untracked 
|  66|0x00000000a5800000, 0x00000000a5800000, 0x00000000a5900000|  0%| F|  |TAMS 0x00000000a5800000| PB 0x00000000a5800000| Untracked 
|  67|0x00000000a5900000, 0x00000000a5900000, 0x00000000a5a00000|  0%| F|  |TAMS 0x00000000a5900000| PB 0x00000000a5900000| Untracked 
|  68|0x00000000a5a00000, 0x00000000a5a00000, 0x00000000a5b00000|  0%| F|  |TAMS 0x00000000a5a00000| PB 0x00000000a5a00000| Untracked 
|  69|0x00000000a5b00000, 0x00000000a5beaab0, 0x00000000a5c00000| 91%| E|  |TAMS 0x00000000a5b00000| PB 0x00000000a5b00000| Complete 
|  70|0x00000000a5c00000, 0x00000000a5d00000, 0x00000000a5d00000|100%| E|CS|TAMS 0x00000000a5c00000| PB 0x00000000a5c00000| Complete 
|  71|0x00000000a5d00000, 0x00000000a5e00000, 0x00000000a5e00000|100%| E|CS|TAMS 0x00000000a5d00000| PB 0x00000000a5d00000| Complete 
|  72|0x00000000a5e00000, 0x00000000a5f00000, 0x00000000a5f00000|100%| E|CS|TAMS 0x00000000a5e00000| PB 0x00000000a5e00000| Complete 
|  73|0x00000000a5f00000, 0x00000000a6000000, 0x00000000a6000000|100%| E|CS|TAMS 0x00000000a5f00000| PB 0x00000000a5f00000| Complete 
|  74|0x00000000a6000000, 0x00000000a6100000, 0x00000000a6100000|100%| E|CS|TAMS 0x00000000a6000000| PB 0x00000000a6000000| Complete 
|  75|0x00000000a6100000, 0x00000000a6200000, 0x00000000a6200000|100%| E|CS|TAMS 0x00000000a6100000| PB 0x00000000a6100000| Complete 
|  76|0x00000000a6200000, 0x00000000a6300000, 0x00000000a6300000|100%| E|CS|TAMS 0x00000000a6200000| PB 0x00000000a6200000| Complete 
|  77|0x00000000a6300000, 0x00000000a6400000, 0x00000000a6400000|100%| E|CS|TAMS 0x00000000a6300000| PB 0x00000000a6300000| Complete 
|  78|0x00000000a6400000, 0x00000000a6500000, 0x00000000a6500000|100%| E|CS|TAMS 0x00000000a6400000| PB 0x00000000a6400000| Complete 
|  79|0x00000000a6500000, 0x00000000a6600000, 0x00000000a6600000|100%| E|CS|TAMS 0x00000000a6500000| PB 0x00000000a6500000| Complete 
|  80|0x00000000a6600000, 0x00000000a6700000, 0x00000000a6700000|100%| E|CS|TAMS 0x00000000a6600000| PB 0x00000000a6600000| Complete 
|  81|0x00000000a6700000, 0x00000000a6800000, 0x00000000a6800000|100%| E|CS|TAMS 0x00000000a6700000| PB 0x00000000a6700000| Complete 
|  82|0x00000000a6800000, 0x00000000a6900000, 0x00000000a6900000|100%| E|CS|TAMS 0x00000000a6800000| PB 0x00000000a6800000| Complete 
|  83|0x00000000a6900000, 0x00000000a6a00000, 0x00000000a6a00000|100%| E|CS|TAMS 0x00000000a6900000| PB 0x00000000a6900000| Complete 
|  84|0x00000000a6a00000, 0x00000000a6b00000, 0x00000000a6b00000|100%| E|CS|TAMS 0x00000000a6a00000| PB 0x00000000a6a00000| Complete 
|  85|0x00000000a6b00000, 0x00000000a6c00000, 0x00000000a6c00000|100%| E|CS|TAMS 0x00000000a6b00000| PB 0x00000000a6b00000| Complete 
|  86|0x00000000a6c00000, 0x00000000a6d00000, 0x00000000a6d00000|100%| E|CS|TAMS 0x00000000a6c00000| PB 0x00000000a6c00000| Complete 
|  87|0x00000000a6d00000, 0x00000000a6e00000, 0x00000000a6e00000|100%| E|CS|TAMS 0x00000000a6d00000| PB 0x00000000a6d00000| Complete 
|  88|0x00000000a6e00000, 0x00000000a6f00000, 0x00000000a6f00000|100%| E|CS|TAMS 0x00000000a6e00000| PB 0x00000000a6e00000| Complete 
|  89|0x00000000a6f00000, 0x00000000a7000000, 0x00000000a7000000|100%| E|CS|TAMS 0x00000000a6f00000| PB 0x00000000a6f00000| Complete 
|  90|0x00000000a7000000, 0x00000000a7100000, 0x00000000a7100000|100%| E|CS|TAMS 0x00000000a7000000| PB 0x00000000a7000000| Complete 
|  91|0x00000000a7100000, 0x00000000a7200000, 0x00000000a7200000|100%| E|CS|TAMS 0x00000000a7100000| PB 0x00000000a7100000| Complete 
|  92|0x00000000a7200000, 0x00000000a7300000, 0x00000000a7300000|100%| E|CS|TAMS 0x00000000a7200000| PB 0x00000000a7200000| Complete 
|  93|0x00000000a7300000, 0x00000000a7400000, 0x00000000a7400000|100%| E|CS|TAMS 0x00000000a7300000| PB 0x00000000a7300000| Complete 
|  94|0x00000000a7400000, 0x00000000a7500000, 0x00000000a7500000|100%| E|  |TAMS 0x00000000a7400000| PB 0x00000000a7400000| Complete 
|  95|0x00000000a7500000, 0x00000000a7600000, 0x00000000a7600000|100%| E|CS|TAMS 0x00000000a7500000| PB 0x00000000a7500000| Complete 

Card table byte_map: [0x000002d85c7a0000,0x000002d85caa0000] _byte_map_base: 0x000002d85c295000

Marking Bits: (CMBitMap*) 0x000002d844d5f380
 Bits: [0x000002d85caa0000, 0x000002d85e248000)

Polling page: 0x000002d842cf0000

Metaspace:

Usage:
  Non-class:     16.35 MB used.
      Class:      2.25 MB used.
       Both:     18.59 MB used.

Virtual space:
  Non-class space:       64.00 MB reserved,      16.56 MB ( 26%) committed,  1 nodes.
      Class space:        1.00 GB reserved,       2.38 MB ( <1%) committed,  1 nodes.
             Both:        1.06 GB reserved,      18.94 MB (  2%) committed. 

Chunk freelists:
   Non-Class:  14.80 MB
       Class:  13.66 MB
        Both:  28.45 MB

MaxMetaspaceSize: unlimited
CompressedClassSpaceSize: 1.00 GB
Initial GC threshold: 21.00 MB
Current GC threshold: 21.00 MB
CDS: on
 - commit_granule_bytes: 65536.
 - commit_granule_words: 8192.
 - virtual_space_node_default_size: 8388608.
 - enlarge_chunks_in_place: 1.
 - use_allocation_guard: 0.


Internal statistics:

num_allocs_failed_limit: 0.
num_arena_births: 276.
num_arena_deaths: 0.
num_vsnodes_births: 2.
num_vsnodes_deaths: 0.
num_space_committed: 303.
num_space_uncommitted: 0.
num_chunks_returned_to_freelist: 0.
num_chunks_taken_from_freelist: 932.
num_chunk_merges: 0.
num_chunk_splits: 622.
num_chunks_enlarged: 448.
num_inconsistent_stats: 0.

CodeHeap 'non-profiled nmethods': size=120000Kb used=1078Kb max_used=1078Kb free=118921Kb
 bounds [0x000002d854c40000, 0x000002d854eb0000, 0x000002d85c170000]
CodeHeap 'profiled nmethods': size=120000Kb used=5582Kb max_used=5582Kb free=114417Kb
 bounds [0x000002d84d170000, 0x000002d84d6f0000, 0x000002d8546a0000]
CodeHeap 'non-nmethods': size=5760Kb used=1421Kb max_used=1465Kb free=4338Kb
 bounds [0x000002d8546a0000, 0x000002d854910000, 0x000002d854c40000]
 total_blobs=3296 nmethods=2781 adapters=419
 compilation: enabled
              stopped_count=0, restarted_count=0
 full_count=0

Compilation events (20 events):
Event: 3.828 Thread 0x000002d860c81910 2780       3       org.springframework.core.annotation.MergedAnnotationCollectors::isSameInstance (11 bytes)
Event: 3.829 Thread 0x000002d860c81910 nmethod 2780 0x000002d84d6db990 code [0x000002d84d6dbb20, 0x000002d84d6dbc68]
Event: 3.833 Thread 0x000002d860c81910 2782       3       org.springframework.core.annotation.AnnotationsScanner::isKnownEmpty (63 bytes)
Event: 3.833 Thread 0x000002d860c81910 nmethod 2782 0x000002d84d6dbd10 code [0x000002d84d6dbf20, 0x000002d84d6dc590]
Event: 3.834 Thread 0x000002d860c81910 2783       3       org.springframework.core.type.AnnotatedTypeMetadata$$Lambda/0x000002d80121da88::apply (10 bytes)
Event: 3.834 Thread 0x000002d860c81910 nmethod 2783 0x000002d84d6dc710 code [0x000002d84d6dc8c0, 0x000002d84d6dcba8]
Event: 3.834 Thread 0x000002d860c81910 2784       3       org.springframework.core.type.AnnotatedTypeMetadata$$Lambda/0x000002d80121df20::apply (10 bytes)
Event: 3.834 Thread 0x000002d860c81910 nmethod 2784 0x000002d84d6dcc90 code [0x000002d84d6dce40, 0x000002d84d6dd128]
Event: 3.834 Thread 0x000002d860c81910 2785       3       org.springframework.core.annotation.TypeMappedAnnotation::withNonMergedAttributes (45 bytes)
Event: 3.834 Thread 0x000002d860c81910 nmethod 2785 0x000002d84d6dd210 code [0x000002d84d6dd3c0, 0x000002d84d6dd5d8]
Event: 3.835 Thread 0x000002d860c81910 2786       3       org.springframework.util.MultiValueMapAdapter::isEmpty (10 bytes)
Event: 3.835 Thread 0x000002d860c81910 nmethod 2786 0x000002d84d6dd690 code [0x000002d84d6dd840, 0x000002d84d6dda18]
Event: 3.835 Thread 0x000002d860c81910 2787       3       sun.reflect.annotation.AnnotationParser::parseStringArray (85 bytes)
Event: 3.836 Thread 0x000002d860c81910 nmethod 2787 0x000002d84d6ddb10 code [0x000002d84d6ddd40, 0x000002d84d6de4f0]
Event: 3.836 Thread 0x000002d860c81910 2788       3       java.util.concurrent.CopyOnWriteArrayList::<init> (24 bytes)
Event: 3.836 Thread 0x000002d860c81910 nmethod 2788 0x000002d84d6de790 code [0x000002d84d6de940, 0x000002d84d6decd0]
Event: 3.836 Thread 0x000002d860c81910 2789       3       org.springframework.core.annotation.AnnotationAttributes::getRequiredAttribute (192 bytes)
Event: 3.840 Thread 0x000002d860c81910 nmethod 2789 0x000002d84d6dee10 code [0x000002d84d6df3e0, 0x000002d84d6e2a78]
Event: 3.841 Thread 0x000002d860c81910 2790       1       org.springframework.beans.factory.support.AbstractBeanDefinition::setScope (6 bytes)
Event: 3.841 Thread 0x000002d860c81910 nmethod 2790 0x000002d854d4d790 code [0x000002d854d4d920, 0x000002d854d4da30]

GC Heap History (4 events):
Event: 1.808 GC heap before
{Heap before GC invocations=0 (full 0):
 garbage-first heap   total 98304K, used 22528K [0x00000000a1600000, 0x0000000100000000)
  region size 1024K, 23 young (23552K), 0 survivors (0K)
 Metaspace       used 6986K, committed 7296K, reserved 1114112K
  class space    used 842K, committed 960K, reserved 1048576K
}
Event: 1.818 GC heap after
{Heap after GC invocations=1 (full 0):
 garbage-first heap   total 98304K, used 5392K [0x00000000a1600000, 0x0000000100000000)
  region size 1024K, 3 young (3072K), 3 survivors (3072K)
 Metaspace       used 6986K, committed 7296K, reserved 1114112K
  class space    used 842K, committed 960K, reserved 1048576K
}
Event: 2.797 GC heap before
{Heap before GC invocations=1 (full 0):
 garbage-first heap   total 98304K, used 34064K [0x00000000a1600000, 0x0000000100000000)
  region size 1024K, 32 young (32768K), 3 survivors (3072K)
 Metaspace       used 14938K, committed 15232K, reserved 1114112K
  class space    used 1838K, committed 1984K, reserved 1048576K
}
Event: 2.806 GC heap after
{Heap after GC invocations=2 (full 0):
 garbage-first heap   total 98304K, used 7924K [0x00000000a1600000, 0x0000000100000000)
  region size 1024K, 3 young (3072K), 3 survivors (3072K)
 Metaspace       used 14938K, committed 15232K, reserved 1114112K
  class space    used 1838K, committed 1984K, reserved 1048576K
}

Dll operation events (7 events):
Event: 0.026 Loaded shared library C:\Program Files\Java\jdk-21\bin\java.dll
Event: 0.172 Loaded shared library C:\Program Files\Java\jdk-21\bin\jsvml.dll
Event: 0.281 Loaded shared library C:\Program Files\Java\jdk-21\bin\net.dll
Event: 0.287 Loaded shared library C:\Program Files\Java\jdk-21\bin\nio.dll
Event: 0.297 Loaded shared library C:\Program Files\Java\jdk-21\bin\zip.dll
Event: 0.503 Loaded shared library C:\Program Files\Java\jdk-21\bin\jimage.dll
Event: 2.982 Loaded shared library C:\Program Files\Java\jdk-21\bin\sunmscapi.dll

Deoptimization events (20 events):
Event: 3.651 Thread 0x000002d842b4c890 Uncommon trap: trap_request=0xffffffde fr.pc=0x000002d854c7c8c8 relative=0x00000000000001a8
Event: 3.651 Thread 0x000002d842b4c890 Uncommon trap: reason=class_check action=maybe_recompile pc=0x000002d854c7c8c8 method=java.lang.String.equals(Ljava/lang/Object;)Z @ 8 c2
Event: 3.651 Thread 0x000002d842b4c890 DEOPT PACKING pc=0x000002d854c7c8c8 sp=0x000000dfb81fe820
Event: 3.651 Thread 0x000002d842b4c890 DEOPT UNPACKING pc=0x000002d8546f46a2 sp=0x000000dfb81fe7a8 mode 2
Event: 3.651 Thread 0x000002d842b4c890 Uncommon trap: trap_request=0xffffffde fr.pc=0x000002d854c7c8c8 relative=0x00000000000001a8
Event: 3.651 Thread 0x000002d842b4c890 Uncommon trap: reason=class_check action=maybe_recompile pc=0x000002d854c7c8c8 method=java.lang.String.equals(Ljava/lang/Object;)Z @ 8 c2
Event: 3.652 Thread 0x000002d842b4c890 DEOPT PACKING pc=0x000002d854c7c8c8 sp=0x000000dfb81fe820
Event: 3.652 Thread 0x000002d842b4c890 DEOPT UNPACKING pc=0x000002d8546f46a2 sp=0x000000dfb81fe7a8 mode 2
Event: 3.652 Thread 0x000002d842b4c890 Uncommon trap: trap_request=0xffffffde fr.pc=0x000002d854c7c8c8 relative=0x00000000000001a8
Event: 3.652 Thread 0x000002d842b4c890 Uncommon trap: reason=class_check action=maybe_recompile pc=0x000002d854c7c8c8 method=java.lang.String.equals(Ljava/lang/Object;)Z @ 8 c2
Event: 3.652 Thread 0x000002d842b4c890 DEOPT PACKING pc=0x000002d854c7c8c8 sp=0x000000dfb81fe820
Event: 3.652 Thread 0x000002d842b4c890 DEOPT UNPACKING pc=0x000002d8546f46a2 sp=0x000000dfb81fe7a8 mode 2
Event: 3.653 Thread 0x000002d842b4c890 Uncommon trap: trap_request=0xffffffde fr.pc=0x000002d854d3c91c relative=0x000000000000049c
Event: 3.653 Thread 0x000002d842b4c890 Uncommon trap: reason=class_check action=maybe_recompile pc=0x000002d854d3c91c method=java.lang.String.equals(Ljava/lang/Object;)Z @ 8 c2
Event: 3.653 Thread 0x000002d842b4c890 DEOPT PACKING pc=0x000002d854d3c91c sp=0x000000dfb81fe580
Event: 3.653 Thread 0x000002d842b4c890 DEOPT UNPACKING pc=0x000002d8546f46a2 sp=0x000000dfb81fe438 mode 2
Event: 3.654 Thread 0x000002d842b4c890 Uncommon trap: trap_request=0xffffffde fr.pc=0x000002d854c7c8c8 relative=0x00000000000001a8
Event: 3.654 Thread 0x000002d842b4c890 Uncommon trap: reason=class_check action=maybe_recompile pc=0x000002d854c7c8c8 method=java.lang.String.equals(Ljava/lang/Object;)Z @ 8 c2
Event: 3.654 Thread 0x000002d842b4c890 DEOPT PACKING pc=0x000002d854c7c8c8 sp=0x000000dfb81fe4c0
Event: 3.654 Thread 0x000002d842b4c890 DEOPT UNPACKING pc=0x000002d8546f46a2 sp=0x000000dfb81fe448 mode 2

Classes loaded (20 events):
Event: 3.016 Loading class java/security/spec/ECFieldF2m
Event: 3.016 Loading class java/security/spec/ECFieldF2m done
Event: 3.018 Loading class javax/naming/ldap/LdapContext
Event: 3.019 Loading class javax/naming/directory/DirContext
Event: 3.020 Loading class javax/naming/directory/DirContext done
Event: 3.020 Loading class javax/naming/ldap/LdapContext done
Event: 3.027 Loading class sun/security/ssl/SunJSSE
Event: 3.028 Loading class sun/security/ssl/SunJSSE done
Event: 3.029 Loading class com/sun/crypto/provider/SunJCE
Event: 3.030 Loading class com/sun/crypto/provider/SunJCE done
Event: 3.049 Loading class com/sun/security/sasl/Provider
Event: 3.050 Loading class com/sun/security/sasl/Provider done
Event: 3.050 Loading class com/sun/security/sasl/Provider$1
Event: 3.051 Loading class com/sun/security/sasl/Provider$1 done
Event: 3.051 Loading class com/sun/security/sasl/Provider$ProviderService
Event: 3.051 Loading class com/sun/security/sasl/Provider$ProviderService done
Event: 3.052 Loading class sun/security/provider/certpath/ldap/JdkLDAP
Event: 3.052 Loading class sun/security/provider/certpath/ldap/JdkLDAP done
Event: 3.054 Loading class sun/security/provider/certpath/ldap/JdkLDAP$ProviderService
Event: 3.054 Loading class sun/security/provider/certpath/ldap/JdkLDAP$ProviderService done

Classes unloaded (0 events):
No events

Classes redefined (0 events):
No events

Internal exceptions (20 events):
Event: 1.899 Thread 0x000002d842b4c890 Exception <a 'java/lang/NoSuchMethodError'{0x00000000a73170a0}: 'java.lang.Object java.lang.invoke.DirectMethodHandle$Holder.invokeVirtual(java.lang.Object, java.lang.Object, java.lang.Object)'> (0x00000000a73170a0) 
thrown [s\open\src\hotspot\share\interpreter\linkResolver.cpp, line 773]
Event: 1.909 Thread 0x000002d842b4c890 Exception <a 'java/lang/NoSuchMethodError'{0x00000000a7337ec8}: 'java.lang.Object java.lang.invoke.DirectMethodHandle$Holder.invokeStatic(java.lang.Object, long, java.lang.Object)'> (0x00000000a7337ec8) 
thrown [s\open\src\hotspot\share\interpreter\linkResolver.cpp, line 773]
Event: 1.910 Thread 0x000002d842b4c890 Exception <a 'java/lang/NoSuchMethodError'{0x00000000a733b520}: 'java.lang.Object java.lang.invoke.DirectMethodHandle$Holder.invokeStaticInit(java.lang.Object, long, java.lang.Object)'> (0x00000000a733b520) 
thrown [s\open\src\hotspot\share\interpreter\linkResolver.cpp, line 773]
Event: 1.911 Thread 0x000002d842b4c890 Exception <a 'java/lang/NoSuchMethodError'{0x00000000a7340d00}: 'java.lang.Object java.lang.invoke.DirectMethodHandle$Holder.newInvokeSpecial(java.lang.Object, long)'> (0x00000000a7340d00) 
thrown [s\open\src\hotspot\share\interpreter\linkResolver.cpp, line 773]
Event: 1.939 Thread 0x000002d842b4c890 Exception <a 'java/lang/NoSuchMethodError'{0x00000000a739bde0}: 'void java.lang.invoke.DirectMethodHandle$Holder.invokeVirtual(java.lang.Object, java.lang.Object, java.lang.Object, java.lang.Object)'> (0x00000000a739bde0) 
thrown [s\open\src\hotspot\share\interpreter\linkResolver.cpp, line 773]
Event: 2.081 Thread 0x000002d842b4c890 Exception <a 'java/lang/NoSuchMethodError'{0x00000000a72d20d0}: 'void java.lang.invoke.DirectMethodHandle$Holder.invokeSpecial(java.lang.Object, java.lang.Object, java.lang.Object)'> (0x00000000a72d20d0) 
thrown [s\open\src\hotspot\share\interpreter\linkResolver.cpp, line 773]
Event: 2.101 Thread 0x000002d865f8da20 Exception <a 'java/lang/NoClassDefFoundError'{0x00000000a7115f68}: jakarta/validation/Validation> (0x00000000a7115f68) 
thrown [s\open\src\hotspot\share\classfile\systemDictionary.cpp, line 301]
Event: 2.103 Thread 0x000002d842b4c890 Exception <a 'java/lang/IncompatibleClassChangeError'{0x00000000a7132530}: Found class java.lang.Object, but interface was expected> (0x00000000a7132530) 
thrown [s\open\src\hotspot\share\interpreter\linkResolver.cpp, line 840]
Event: 2.116 Thread 0x000002d842b4c890 Exception <a 'java/lang/NoSuchMethodError'{0x00000000a7146b80}: 'java.lang.Object java.lang.invoke.DirectMethodHandle$Holder.invokeStaticInit(java.lang.Object, int)'> (0x00000000a7146b80) 
thrown [s\open\src\hotspot\share\interpreter\linkResolver.cpp, line 773]
Event: 2.120 Thread 0x000002d842b4c890 Exception <a 'java/lang/NoSuchMethodError'{0x00000000a7150da0}: 'java.lang.Object java.lang.invoke.DirectMethodHandle$Holder.invokeStatic(java.lang.Object, int, java.lang.Object)'> (0x00000000a7150da0) 
thrown [s\open\src\hotspot\share\interpreter\linkResolver.cpp, line 773]
Event: 2.121 Thread 0x000002d842b4c890 Exception <a 'java/lang/NoSuchMethodError'{0x00000000a71543f0}: 'java.lang.Object java.lang.invoke.DirectMethodHandle$Holder.invokeStaticInit(java.lang.Object, int, java.lang.Object)'> (0x00000000a71543f0) 
thrown [s\open\src\hotspot\share\interpreter\linkResolver.cpp, line 773]
Event: 2.770 Thread 0x000002d842b4c890 Exception <a 'java/lang/NoSuchMethodError'{0x00000000a5623a28}: 'int java.lang.invoke.DirectMethodHandle$Holder.invokeSpecial(java.lang.Object, java.lang.Object, java.lang.Object, java.lang.Object, java.lang.Object)'> (0x00000000a5623a28) 
thrown [s\open\src\hotspot\share\interpreter\linkResolver.cpp, line 773]
Event: 2.777 Thread 0x000002d842b4c890 Exception <a 'java/lang/NoSuchMethodError'{0x00000000a562bb30}: 'void java.lang.invoke.DirectMethodHandle$Holder.invokeVirtual(java.lang.Object, java.lang.Object)'> (0x00000000a562bb30) 
thrown [s\open\src\hotspot\share\interpreter\linkResolver.cpp, line 773]
Event: 2.780 Thread 0x000002d865f8da20 Exception <a 'java/lang/NoSuchMethodError'{0x00000000a56aac90}: 'long java.lang.invoke.DirectMethodHandle$Holder.invokeSpecial(java.lang.Object, java.lang.Object)'> (0x00000000a56aac90) 
thrown [s\open\src\hotspot\share\interpreter\linkResolver.cpp, line 773]
Event: 2.783 Thread 0x000002d865f8da20 Exception <a 'java/lang/NoSuchMethodError'{0x00000000a56b4570}: 'long java.lang.invoke.DirectMethodHandle$Holder.invokeStatic(java.lang.Object, java.lang.Object)'> (0x00000000a56b4570) 
thrown [s\open\src\hotspot\share\interpreter\linkResolver.cpp, line 773]
Event: 2.783 Thread 0x000002d865f8da20 Exception <a 'java/lang/NoSuchMethodError'{0x00000000a56b7628}: 'long java.lang.invoke.DirectMethodHandle$Holder.invokeStaticInit(java.lang.Object, java.lang.Object)'> (0x00000000a56b7628) 
thrown [s\open\src\hotspot\share\interpreter\linkResolver.cpp, line 773]
Event: 2.786 Thread 0x000002d865f8da20 Exception <a 'java/lang/NoSuchMethodError'{0x00000000a56c34c0}: 'long java.lang.invoke.DirectMethodHandle$Holder.invokeInterface(java.lang.Object, java.lang.Object)'> (0x00000000a56c34c0) 
thrown [s\open\src\hotspot\share\interpreter\linkResolver.cpp, line 773]
Event: 2.787 Thread 0x000002d865f8da20 Exception <a 'java/lang/IncompatibleClassChangeError'{0x00000000a56c64c0}: Found class java.lang.Object, but interface was expected> (0x00000000a56c64c0) 
thrown [s\open\src\hotspot\share\interpreter\linkResolver.cpp, line 840]
Event: 2.794 Thread 0x000002d865f8da20 Exception <a 'java/lang/NoSuchMethodError'{0x00000000a56dba48}: 'java.lang.Object java.lang.invoke.DirectMethodHandle$Holder.invokeVirtual(java.lang.Object, java.lang.Object, java.lang.Object, java.lang.Object)'> (0x00000000a56dba48) 
thrown [s\open\src\hotspot\share\interpreter\linkResolver.cpp, line 773]
Event: 3.116 Thread 0x000002d842b4c890 Exception <a 'java/lang/IncompatibleClassChangeError'{0x00000000a6c28088}: Found class java.lang.Object, but interface was expected> (0x00000000a6c28088) 
thrown [s\open\src\hotspot\share\interpreter\linkResolver.cpp, line 840]

ZGC Phase Switch (0 events):
No events

VM Operations (20 events):
Event: 2.056 Executing VM operation: HandshakeAllThreads (Deoptimize)
Event: 2.056 Executing VM operation: HandshakeAllThreads (Deoptimize) done
Event: 2.072 Executing VM operation: HandshakeAllThreads (Deoptimize)
Event: 2.072 Executing VM operation: HandshakeAllThreads (Deoptimize) done
Event: 2.418 Executing VM operation: HandshakeAllThreads (Deoptimize)
Event: 2.418 Executing VM operation: HandshakeAllThreads (Deoptimize) done
Event: 2.551 Executing VM operation: ICBufferFull
Event: 2.551 Executing VM operation: ICBufferFull done
Event: 2.732 Executing VM operation: HandshakeAllThreads (Deoptimize)
Event: 2.732 Executing VM operation: HandshakeAllThreads (Deoptimize) done
Event: 2.797 Executing VM operation: G1CollectForAllocation (G1 Evacuation Pause)
Event: 2.806 Executing VM operation: G1CollectForAllocation (G1 Evacuation Pause) done
Event: 2.904 Executing VM operation: HandshakeAllThreads (Deoptimize)
Event: 2.904 Executing VM operation: HandshakeAllThreads (Deoptimize) done
Event: 3.005 Executing VM operation: HandshakeAllThreads (Deoptimize)
Event: 3.005 Executing VM operation: HandshakeAllThreads (Deoptimize) done
Event: 3.364 Executing VM operation: ICBufferFull
Event: 3.364 Executing VM operation: ICBufferFull done
Event: 3.776 Executing VM operation: ICBufferFull
Event: 3.777 Executing VM operation: ICBufferFull done

Events (18 events):
Event: 0.094 Thread 0x000002d842b4c890 Thread added: 0x000002d842b4c890
Event: 0.161 Thread 0x000002d860c50790 Thread added: 0x000002d860c50790
Event: 0.163 Thread 0x000002d860c51860 Thread added: 0x000002d860c51860
Event: 0.164 Thread 0x000002d860c57fc0 Thread added: 0x000002d860c57fc0
Event: 0.164 Thread 0x000002d860c58a20 Thread added: 0x000002d860c58a20
Event: 0.164 Thread 0x000002d860c59f80 Thread added: 0x000002d860c59f80
Event: 0.164 Thread 0x000002d860c5d4b0 Thread added: 0x000002d860c5d4b0
Event: 0.165 Thread 0x000002d860c60e60 Thread added: 0x000002d860c60e60
Event: 0.165 Thread 0x000002d860c81910 Thread added: 0x000002d860c81910
Event: 0.255 Thread 0x000002d86511c150 Thread added: 0x000002d86511c150
Event: 0.268 Thread 0x000002d865129e70 Thread added: 0x000002d865129e70
Event: 0.361 Thread 0x000002d865176de0 Thread added: 0x000002d865176de0
Event: 1.166 Thread 0x000002d865176de0 Thread exited: 0x000002d865176de0
Event: 1.857 Thread 0x000002d865e4bd00 Thread added: 0x000002d865e4bd00
Event: 2.090 Thread 0x000002d865f8da20 Thread added: 0x000002d865f8da20
Event: 2.996 Thread 0x000002d866427660 Thread added: 0x000002d866427660
Event: 3.060 Thread 0x000002d865f8da20 Thread exited: 0x000002d865f8da20
Event: 3.087 Thread 0x000002d866427660 Thread exited: 0x000002d866427660


Dynamic libraries:
0x00007ff671460000 - 0x00007ff671470000 	C:\Program Files\Java\jdk-21\bin\java.exe
0x00007ffc3f770000 - 0x00007ffc3f987000 	C:\WINDOWS\SYSTEM32\ntdll.dll
0x00007ffc3f300000 - 0x00007ffc3f3c4000 	C:\WINDOWS\System32\KERNEL32.DLL
0x00007ffc3cfb0000 - 0x00007ffc3d35c000 	C:\WINDOWS\System32\KERNELBASE.dll
0x00007ffc3d390000 - 0x00007ffc3d4a1000 	C:\WINDOWS\System32\ucrtbase.dll
0x00007ffc1aa70000 - 0x00007ffc1aa89000 	C:\Program Files\Java\jdk-21\bin\jli.dll
0x00007ffc1aa50000 - 0x00007ffc1aa6b000 	C:\Program Files\Java\jdk-21\bin\VCRUNTIME140.dll
0x00007ffc3eaa0000 - 0x00007ffc3eb52000 	C:\WINDOWS\System32\ADVAPI32.dll
0x00007ffc3eca0000 - 0x00007ffc3ed47000 	C:\WINDOWS\System32\msvcrt.dll
0x00007ffc3e940000 - 0x00007ffc3e9ea000 	C:\WINDOWS\System32\sechost.dll
0x00007ffc3cb90000 - 0x00007ffc3cbb8000 	C:\WINDOWS\System32\bcrypt.dll
0x00007ffc3f3f0000 - 0x00007ffc3f505000 	C:\WINDOWS\System32\RPCRT4.dll
0x00007ffc3de60000 - 0x00007ffc3e00e000 	C:\WINDOWS\System32\USER32.dll
0x00007ffc256a0000 - 0x00007ffc25933000 	C:\WINDOWS\WinSxS\amd64_microsoft.windows.common-controls_6595b64144ccf1df_6.0.22621.3672_none_2713b9d173822955\COMCTL32.dll
0x00007ffc3d360000 - 0x00007ffc3d386000 	C:\WINDOWS\System32\win32u.dll
0x00007ffc3ea70000 - 0x00007ffc3ea99000 	C:\WINDOWS\System32\GDI32.dll
0x00007ffc3cbc0000 - 0x00007ffc3ccd9000 	C:\WINDOWS\System32\gdi32full.dll
0x00007ffc3cf10000 - 0x00007ffc3cfaa000 	C:\WINDOWS\System32\msvcp_win.dll
0x00007ffc38370000 - 0x00007ffc3837a000 	C:\WINDOWS\SYSTEM32\VERSION.dll
0x00007ffc3d610000 - 0x00007ffc3d641000 	C:\WINDOWS\System32\IMM32.DLL
0x00007ffc224b0000 - 0x00007ffc224bc000 	C:\Program Files\Java\jdk-21\bin\vcruntime140_1.dll
0x00007ffbfd7a0000 - 0x00007ffbfd82e000 	C:\Program Files\Java\jdk-21\bin\msvcp140.dll
0x00007ffb8cb20000 - 0x00007ffb8d837000 	C:\Program Files\Java\jdk-21\bin\server\jvm.dll
0x00007ffc3f070000 - 0x00007ffc3f0e1000 	C:\WINDOWS\System32\WS2_32.dll
0x00007ffc3c8b0000 - 0x00007ffc3c8fd000 	C:\WINDOWS\SYSTEM32\POWRPROF.dll
0x00007ffc37260000 - 0x00007ffc37294000 	C:\WINDOWS\SYSTEM32\WINMM.dll
0x00007ffc3c790000 - 0x00007ffc3c7a3000 	C:\WINDOWS\SYSTEM32\UMPDC.dll
0x00007ffc3baa0000 - 0x00007ffc3bab8000 	C:\WINDOWS\SYSTEM32\kernel.appcore.dll
0x00007ffc21d40000 - 0x00007ffc21d4a000 	C:\Program Files\Java\jdk-21\bin\jimage.dll
0x00007ffc35fc0000 - 0x00007ffc361f2000 	C:\WINDOWS\SYSTEM32\DBGHELP.DLL
0x00007ffc3d650000 - 0x00007ffc3d9d8000 	C:\WINDOWS\System32\combase.dll
0x00007ffc3ebc0000 - 0x00007ffc3ec97000 	C:\WINDOWS\System32\OLEAUT32.dll
0x00007ffc1f6e0000 - 0x00007ffc1f712000 	C:\WINDOWS\SYSTEM32\dbgcore.DLL
0x00007ffc3cb10000 - 0x00007ffc3cb8b000 	C:\WINDOWS\System32\bcryptPrimitives.dll
0x00007ffc189e0000 - 0x00007ffc189ff000 	C:\Program Files\Java\jdk-21\bin\java.dll
0x00007ffc3e0e0000 - 0x00007ffc3e93c000 	C:\WINDOWS\System32\SHELL32.dll
0x00007ffc3a9a0000 - 0x00007ffc3b297000 	C:\WINDOWS\SYSTEM32\windows.storage.dll
0x00007ffc3a860000 - 0x00007ffc3a99f000 	C:\WINDOWS\SYSTEM32\wintypes.dll
0x00007ffc3f630000 - 0x00007ffc3f724000 	C:\WINDOWS\System32\SHCORE.dll
0x00007ffc3eb60000 - 0x00007ffc3ebbe000 	C:\WINDOWS\System32\shlwapi.dll
0x00007ffc3c9d0000 - 0x00007ffc3c9f1000 	C:\WINDOWS\SYSTEM32\profapi.dll
0x00007ffbfcde0000 - 0x00007ffbfceb7000 	C:\Program Files\Java\jdk-21\bin\jsvml.dll
0x00007ffc1ae00000 - 0x00007ffc1ae10000 	C:\Program Files\Java\jdk-21\bin\net.dll
0x00007ffc38910000 - 0x00007ffc38a46000 	C:\WINDOWS\SYSTEM32\WINHTTP.dll
0x00007ffc3bf40000 - 0x00007ffc3bfa9000 	C:\WINDOWS\system32\mswsock.dll
0x00007ffc189c0000 - 0x00007ffc189d6000 	C:\Program Files\Java\jdk-21\bin\nio.dll
0x00007ffc189a0000 - 0x00007ffc189b8000 	C:\Program Files\Java\jdk-21\bin\zip.dll
0x00007ffc1a9e0000 - 0x00007ffc1a9ee000 	C:\Program Files\Java\jdk-21\bin\sunmscapi.dll
0x00007ffc3cce0000 - 0x00007ffc3ce47000 	C:\WINDOWS\System32\CRYPT32.dll
0x00007ffc3c340000 - 0x00007ffc3c36e000 	C:\WINDOWS\SYSTEM32\ncrypt.dll
0x00007ffc3c300000 - 0x00007ffc3c337000 	C:\WINDOWS\SYSTEM32\NTASN1.dll

dbghelp: loaded successfully - version: 4.0.5 - missing functions: none
symbol engine: initialized successfully - sym options: 0x614 - pdb path: .;C:\Program Files\Java\jdk-21\bin;C:\WINDOWS\SYSTEM32;C:\WINDOWS\WinSxS\amd64_microsoft.windows.common-controls_6595b64144ccf1df_6.0.22621.3672_none_2713b9d173822955;C:\Program Files\Java\jdk-21\bin\server

VM Arguments:
jvm_args: -XX:+ShowCodeDetailsInExceptionMessages 
java_command: com.ecommerce.desktop.DesktopApplication
java_class_path (initial): D:\Web Service\TR\desktop\target\classes;C:\Users\Gabriel\.m2\repository\org\springframework\boot\spring-boot-starter-data-mongodb\3.3.1\spring-boot-starter-data-mongodb-3.3.1.jar;C:\Users\Gabriel\.m2\repository\org\springframework\boot\spring-boot-starter\3.3.1\spring-boot-starter-3.3.1.jar;C:\Users\Gabriel\.m2\repository\org\springframework\boot\spring-boot\3.3.1\spring-boot-3.3.1.jar;C:\Users\Gabriel\.m2\repository\org\springframework\boot\spring-boot-autoconfigure\3.3.1\spring-boot-autoconfigure-3.3.1.jar;C:\Users\Gabriel\.m2\repository\org\springframework\boot\spring-boot-starter-logging\3.3.1\spring-boot-starter-logging-3.3.1.jar;C:\Users\Gabriel\.m2\repository\ch\qos\logback\logback-classic\1.5.6\logback-classic-1.5.6.jar;C:\Users\Gabriel\.m2\repository\ch\qos\logback\logback-core\1.5.6\logback-core-1.5.6.jar;C:\Users\Gabriel\.m2\repository\org\apache\logging\log4j\log4j-to-slf4j\2.23.1\log4j-to-slf4j-2.23.1.jar;C:\Users\Gabriel\.m2\repository\org\apache\logging\log4j\log4j-api\2.23.1\log4j-api-2.23.1.jar;C:\Users\Gabriel\.m2\repository\org\slf4j\jul-to-slf4j\2.0.13\jul-to-slf4j-2.0.13.jar;C:\Users\Gabriel\.m2\repository\jakarta\annotation\jakarta.annotation-api\2.1.1\jakarta.annotation-api-2.1.1.jar;C:\Users\Gabriel\.m2\repository\org\yaml\snakeyaml\2.2\snakeyaml-2.2.jar;C:\Users\Gabriel\.m2\repository\org\mongodb\mongodb-driver-sync\5.0.1\mongodb-driver-sync-5.0.1.jar;C:\Users\Gabriel\.m2\repository\org\mongodb\bson\5.0.1\bson-5.0.1.jar;C:\Users\Gabriel\.m2\repository\org\mongodb\mongodb-driver-core\5.0.1\mongodb-driver-core-5.0.1.jar;C:\Users\Gabriel\.m2\repository\org\mongodb\bson-record-codec\5.0.1\bson-record-codec-5.0.1.jar;C:\Users\Gabriel\.m2\repository\org\springframework\data\spring-data-mongodb\4.3.1\spring-data-mongodb-4.3.1.jar;C:\Users\Gabriel\.m2\repository\org\springframework\spring-tx\6.1.10\spring-tx-6.1.10.jar;C:\Users\Gabriel\.m2\repository\org\springframework\spring-context\6.1.10\spring-context-6.1.10.jar;C:\Users\Gabriel\.m2\repository\org\springframework\spring-beans\6.1.10\spring-beans-6.1.10.jar;C:\Users\Gabriel\.m2\repository\org\springframework\spring-expression\6.1.10\spring-expression-6.1.10.jar;C:\Users\Gabriel\.m2\repository\org\springframework\data\spring-data-commons\3.3.1\spring-data-commons-3.3.1.jar;C:\Users\Gabriel\.m2\repository\org\slf4j\slf4j-api\2.0.13\slf4j-api-2.0.13.jar;C:\Users\Gabriel\.m2\repository\org\springframework\boot\spring-boot-starter-security\3.3.1\spring-boot-starter-security-3.3.1.jar;C:\Users\Gabriel\.m2\repository\org\springframework\spring-aop\6.1.10\spring-aop-6.1.10.jar;C:\Users\Gabriel\.m2\repository\org\springframework\security\spring-security-config\6.3.1\spring-security-config-6.3.1.jar;C:\Users\Gabriel\.m2\repository\org\springframework\security\spring-security-web\6.3.1\spring-security-web-6.3.1.jar;C:\Users\Gabriel\.m2\repository\org\springframework\boot\spring-boot-starter-web\3.3.1\spring-boot-starter-web-3.3.1.jar;C:\Users\Gabriel\.m2\repository\org\springframework\boot\spring-boot-starter-json\3.3.1\spring-boot-starter-json-3.3.1.jar;C:\Users\Gabriel\.m2\repository\com\fasterxml\jackson\core\jackson-databind\2.17.1\jackson-databind-2.17.1.jar;C:\Users\Gabriel\.m2\repository\com\fasterxml\jackson\core\jackson-annotations\2.17.1\jackson-annotations-2.17.1.jar;C:\Users\Gabriel\.m2\repository\com\fasterxml\jackson\core\jackson-core\2.17.1\jackson-core-2.17.1.jar;C:\Users\Gabriel\.m2\repository\com\fasterxml\jackson\datatype\jackson-datatype-jdk8\2.17.1\jackson-datatype-jdk8-2.17.1.jar;C:\Users\Gabriel\.m2\repository\com\fasterxml\jackson\datatype\jackson-datatype-jsr310\2.17.1\jackson-datatype-jsr310-2.17.1.jar;C:\Users\Gabriel\.m2\repository\com\fasterxml\jackson\module\jackson-module-parameter-names\2.17.1\jackson-module-parameter-names-2.17.1.jar;C:\Users\Gabriel\.m2\repository\org\springframework\boot\spring-boot-starter-tomcat\3.3.1\spring-boot-starter-tomcat-3.3.1.jar;C:\Users\Gabriel\.m2\repository\org\apache\tomcat\embed\tomcat-embed-core\10.1.25\tomcat-embed-core-10.1.25.jar;C:\Users\Gabriel\.m2\repository\org\apache\tomcat\embed\tomcat-embed-el\10.1.25\tomcat-embed-el-10.1.25.jar;C:\Users\Gabriel\.m2\repository\org\apache\tomcat\embed\tomcat-embed-websocket\10.1.25\tomcat-embed-websocket-10.1.25.jar;C:\Users\Gabriel\.m2\repository\org\springframework\spring-web\6.1.10\spring-web-6.1.10.jar;C:\Users\Gabriel\.m2\repository\io\micrometer\micrometer-observation\1.13.1\micrometer-observation-1.13.1.jar;C:\Users\Gabriel\.m2\repository\io\micrometer\micrometer-commons\1.13.1\micrometer-commons-1.13.1.jar;C:\Users\Gabriel\.m2\repository\org\springframework\spring-webmvc\6.1.10\spring-webmvc-6.1.10.jar;C:\Users\Gabriel\.m2\repository\org\projectlombok\lombok\1.18.32\lombok-1.18.32.jar;C:\Users\Gabriel\.m2\repository\org\springframework\spring-core\6.1.10\spring-core-6.1.10.jar;C:\Users\Gabriel\.m2\repository\org\springframework\spring-jcl\6.1.10\spring-jcl-6.1.10.jar;C:\Users\Gabriel\.m2\repository\org\springframework\security\spring-security-core\6.3.1\spring-security-core-6.3.1.jar;C:\Users\Gabriel\.m2\repository\org\springframework\security\spring-security-crypto\6.3.1\spring-security-crypto-6.3.1.jar
Launcher Type: SUN_STANDARD

[Global flags]
     intx CICompilerCount                          = 4                                         {product} {ergonomic}
     uint ConcGCThreads                            = 2                                         {product} {ergonomic}
     uint G1ConcRefinementThreads                  = 8                                         {product} {ergonomic}
   size_t G1HeapRegionSize                         = 1048576                                   {product} {ergonomic}
    uintx GCDrainStackTargetSize                   = 64                                        {product} {ergonomic}
   size_t InitialHeapSize                          = 100663296                                 {product} {ergonomic}
   size_t MarkStackSize                            = 4194304                                   {product} {ergonomic}
   size_t MaxHeapSize                              = 1587544064                                {product} {ergonomic}
   size_t MaxNewSize                               = 952107008                                 {product} {ergonomic}
   size_t MinHeapDeltaBytes                        = 1048576                                   {product} {ergonomic}
   size_t MinHeapSize                              = 8388608                                   {product} {ergonomic}
    uintx NonNMethodCodeHeapSize                   = 5839372                                {pd product} {ergonomic}
    uintx NonProfiledCodeHeapSize                  = 122909434                              {pd product} {ergonomic}
    uintx ProfiledCodeHeapSize                     = 122909434                              {pd product} {ergonomic}
    uintx ReservedCodeCacheSize                    = 251658240                              {pd product} {ergonomic}
     bool SegmentedCodeCache                       = true                                      {product} {ergonomic}
     bool ShowCodeDetailsInExceptionMessages       = true                                   {manageable} {command line}
   size_t SoftMaxHeapSize                          = 1587544064                             {manageable} {ergonomic}
     bool UseCompressedOops                        = true                           {product lp64_product} {ergonomic}
     bool UseG1GC                                  = true                                      {product} {ergonomic}
     bool UseLargePagesIndividualAllocation        = false                                  {pd product} {ergonomic}

Logging:
Log output configuration:
 #0: stdout all=warning uptime,level,tags foldmultilines=false
 #1: stderr all=off uptime,level,tags foldmultilines=false

Environment Variables:
JAVA_HOME=C:\Program Files\Java\jdk-21
PATH=C:\oraclexe\app\oracle\product\11.2.0\server\bin;C:\oraclexe\app\oracle\product\11.2.0\server\bin;C:\Program Files\Common Files\Oracle\Java\javapath;C:\Program Files (x86)\Common Files\Intel\Shared Libraries\redist\intel64\compiler;C:\Program Files (x86)\Common Files\Oracle\Java\javapath;C:\Program Files (x86)\Common Files\Intel\Shared Files\cpp\bin\Intel64;C:\windows\system32;C:\windows;C:\windows\System32\Wbem;C:\windows\System32\WindowsPowerShell\v1.0\;C:\windows\System32\OpenSSH\;C:\Program Files\WireGuard\;C:\Users\Gabriel\AppData\Local\Microsoft\WindowsApps;C:\Users\Gabriel\AppData\Local\Programs\Microsoft VS Code\bin;C:\adb;C:\Program Files\mingw-w64\x86_64-8.1.0-posix-seh-rt_v6-rev0\mingw64\bin;C:\Program Files\Java\jdk1.8.0_321\bin;C:\Program Files (x86)\dotnet\;C:\xampp\php;C:\ProgramData\ComposerSetup\bin;C:\Program Files\Git\cmd;C:\ProgramData\chocolatey\bin;C:\WINDOWS\system32;C:\WINDOWS;C:\WINDOWS\System32\Wbem;C:\WINDOWS\System32\WindowsPowerShell\v1.0\;C:\WINDOWS\System32\OpenSSH\;C:\Program Files\Go\bin;C:\Program Files\Docker\Docker\resources\bin;C:\Program Files\SQL Anywhere 16\bin64;C:\Program Files\SQL Anywhere 16\bin32;C:\Program Files (x86)\Sybase\Shared\PowerBuilder;C:\Program Files (x86)\Sybase\Shared\PowerBuilder\x64;C:\Program Files (x86)\Sybase\PowerBuilder 12.6;C:\WINDOWS\Microsoft.NET\Framework\v4.0.30319;C:\Program Files (x86)\Google\Cloud SDK\google-cloud-sdk\bin;C:\Users\Gabriel\AppData\Roaming\nvm;C:\Program Files\nodejs;C:\Users\Gabriel\AppData\Local\Programs\Python\Python312\Scripts\;C:\Users\Gabriel\AppData\Local\Programs\Python\Python312\;C:\Program Files (x86)\nodejs\;C:\Users\Gabriel\AppData\Local\Programs\Python\Python311\Scripts\;C:\Users\Gabriel\AppData\Local\Programs\Python\Python311\;C:\Users\Gabriel\AppData\Local\Programs\Python\Python312\Scripts\;C:\Users\Gabriel\AppData\Local\Programs\Python\Python312\;C:\Users\Gabriel\.console-ninja\.bin;C:\Users\Gabriel\AppData\Local\Microsoft\WindowsApps;C:\Users\Gabriel\AppData\Local\Programs\Microsoft VS Code\bin;C:\Program Files\mingw-w64\x86_64-8.1.0-posix-seh-rt_v6-rev0\mingw64\bin\g++.exe;C:\Users\Gabriel\AppData\Local\GitHubDesktop\bin;C:\Users\Gabriel\AppData\Roaming\Composer\vendor\bin;C:\Users\Gabriel\AppData\Local\Packages\PythonSoftwareFoundation.Python.3.9_qbz5n2kfra8p0\LocalCache\local-packages\Python39\Scripts;D:\Kuliah\AI\DS\DataSpell 2022.3.1\bin;C:\Program Files\JetBrains\PyCharm 2022.2.2\bin;C:\Users\Gabriel\AppData\Local\spicetify;D:\src\flutter\bin;C:\Users\Gabriel\AppData\Local\Microsoft\WindowsApps;C:\Users\Gabriel\go\bin;C:\Program Files\JetBrains\GoLand 2023.3.1\bin;;C:\Program Files\Azure Data Studio\bin;C:\Program Files\JetBrains\IntelliJ IDEA 2023.3.3\bin;;C:\Users\Gabriel\AppData\Roaming\nvm;C:\Program Files\nodejs;C:\Users\Gabriel\AppData\Roaming\npm
USERNAME=Gabriel
LANG=en_US.UTF-8
OS=Windows_NT
PROCESSOR_IDENTIFIER=AMD64 Family 23 Model 24 Stepping 1, AuthenticAMD
TMP=C:\Users\Gabriel\AppData\Local\Temp
TEMP=C:\Users\Gabriel\AppData\Local\Temp




Periodic native trim disabled

---------------  S Y S T E M  ---------------

OS:
 Windows 11 , 64 bit Build 22621 (10.0.22621.3672)
OS uptime: 4 days 6:54 hours
Hyper-V role detected

CPU: total 8 (initial active 8) (8 cores per cpu, 2 threads per core) family 23 model 24 stepping 1 microcode 0x0, cx8, cmov, fxsr, ht, mmx, 3dnowpref, sse, sse2, sse3, ssse3, sse4a, sse4.1, sse4.2, popcnt, lzcnt, tsc, tscinvbit, avx, avx2, aes, clmul, bmi1, bmi2, adx, sha, fma, vzeroupper, clflush, clflushopt, hv, rdtscp, f16c
Processor Information for all 8 processors :
  Max Mhz: 2100, Current Mhz: 2100, Mhz Limit: 2100

Memory: 4k page, system-wide physical 6055M (515M free)
TotalPageFile size 24487M (AvailPageFile size 2M)
current process WorkingSet (physical memory assigned to process): 131M, peak: 131M
current process commit charge ("private bytes"): 229M, peak: 230M

vm_info: Java HotSpot(TM) 64-Bit Server VM (21.0.2+13-LTS-58) for windows-amd64 JRE (21.0.2+13-LTS-58), built on 2024-01-05T18:32:24Z by "mach5one" with MS VC++ 17.1 (VS2022)

END.
